c:\users\adrian\source\repos\proceduralne\cwiczenia\sklepy\sklepy\debug\sklepy.pch
c:\users\adrian\source\repos\proceduralne\cwiczenia\sklepy\sklepy\debug\vc141.pdb
c:\users\adrian\source\repos\proceduralne\cwiczenia\sklepy\sklepy\debug\vc141.idb
c:\users\adrian\source\repos\proceduralne\cwiczenia\sklepy\sklepy\debug\pch.obj
c:\users\adrian\source\repos\proceduralne\cwiczenia\sklepy\sklepy\debug\main.obj
c:\users\adrian\source\repos\proceduralne\cwiczenia\sklepy\sklepy\debug\lista.obj
c:\users\adrian\source\repos\proceduralne\cwiczenia\sklepy\sklepy\debug\sklepy.obj
c:\users\adrian\source\repos\proceduralne\cwiczenia\sklepy\sklepy\debug\priorq.obj
c:\users\adrian\source\repos\proceduralne\cwiczenia\sklepy\sklepy\debug\altq.obj
c:\users\adrian\source\repos\proceduralne\cwiczenia\sklepy\debug\sklepy.exe
c:\users\adrian\source\repos\proceduralne\cwiczenia\sklepy\debug\sklepy.ilk
c:\users\adrian\source\repos\proceduralne\cwiczenia\sklepy\debug\sklepy.pdb
c:\users\adrian\source\repos\proceduralne\cwiczenia\sklepy\sklepy\debug\main.obj.enc
c:\users\adrian\source\repos\proceduralne\cwiczenia\sklepy\sklepy\debug\sklepy.obj.enc
c:\users\adrian\source\repos\proceduralne\cwiczenia\sklepy\sklepy\debug\sklepy.tlog\cl.command.1.tlog
c:\users\adrian\source\repos\proceduralne\cwiczenia\sklepy\sklepy\debug\sklepy.tlog\cl.read.1.tlog
c:\users\adrian\source\repos\proceduralne\cwiczenia\sklepy\sklepy\debug\sklepy.tlog\cl.write.1.tlog
c:\users\adrian\source\repos\proceduralne\cwiczenia\sklepy\sklepy\debug\sklepy.tlog\link.command.1.tlog
c:\users\adrian\source\repos\proceduralne\cwiczenia\sklepy\sklepy\debug\sklepy.tlog\link.read.1.tlog
c:\users\adrian\source\repos\proceduralne\cwiczenia\sklepy\sklepy\debug\sklepy.tlog\link.write.1.tlog
